<?xml version="1.0" encoding="UTF-8"?>
<testsuite name="com.algorithmica.basicthinkingtest.AssignmentOneTest" tests="4" skipped="0" failures="0" errors="0" timestamp="2016-11-07T09:49:26" hostname="HYDLT-6RCK8R1" time="0.004">
  <properties/>
  <testcase name="EvalPolynomTest" classname="com.algorithmica.basicthinkingtest.AssignmentOneTest" time="0.003"/>
  <testcase name="FindDuplicateWithModifyingTheArrayTest" classname="com.algorithmica.basicthinkingtest.AssignmentOneTest" time="0.0"/>
  <testcase name="CountZerosTest" classname="com.algorithmica.basicthinkingtest.AssignmentOneTest" time="0.0"/>
  <testcase name="FindDuplicateWithExtraSpaceTest" classname="com.algorithmica.basicthinkingtest.AssignmentOneTest" time="0.0"/>
  <system-out><![CDATA[]]></system-out>
  <system-err><![CDATA[]]></system-err>
</testsuite>
